{
  "RSpec": {
    "coverage": {
      "/home/marco/Documentos/projeto02-teste/config/environment.rb": {
        "lines": [
          null,
          1,
          null,
          null,
          1
        ]
      },
      "/home/marco/Documentos/projeto02-teste/config/application.rb": {
        "lines": [
          1,
          null,
          1,
          null,
          null,
          null,
          1,
          null,
          1,
          1,
          null,
          1,
          null,
          null,
          null,
          null,
          null,
          null,
          null,
          null,
          null,
          null
        ]
      },
      "/home/marco/Documentos/projeto02-teste/config/boot.rb": {
        "lines": [
          1,
          null,
          1,
          1
        ]
      },
      "/home/marco/Documentos/projeto02-teste/config/environments/test.rb": {
        "lines": [
          1,
          null,
          null,
          null,
          null,
          null,
          null,
          1,
          null,
          null,
          null,
          1,
          null,
          null,
          null,
          null,
          1,
          null,
          null,
          1,
          1,
          null,
          null,
          null,
          null,
          1,
          1,
          1,
          null,
          null,
          1,
          null,
          null,
          1,
          null,
          null,
          1,
          null,
          1,
          null,
          null,
          null,
          null,
          1,
          null,
          null,
          1,
          null,
          null,
          1,
          null,
          null,
          1,
          null,
          null,
          null,
          null,
          null,
          null,
          null
        ]
      },
      "/home/marco/Documentos/projeto02-teste/config/initializers/assets.rb": {
        "lines": [
          null,
          null,
          null,
          1,
          null,
          null,
          null,
          null,
          null,
          null,
          null,
          null
        ]
      },
      "/home/marco/Documentos/projeto02-teste/config/initializers/content_security_policy.rb": {
        "lines": [
          null,
          null,
          null,
          null,
          null,
          null,
          null,
          null,
          null,
          null,
          null,
          null,
          null,
          null,
          null,
          null,
          null,
          null,
          null,
          null,
          null,
          null,
          null,
          null,
          null
        ]
      },
      "/home/marco/Documentos/projeto02-teste/config/initializers/filter_parameter_logging.rb": {
        "lines": [
          null,
          null,
          null,
          null,
          null,
          1,
          null,
          null
        ]
      },
      "/home/marco/Documentos/projeto02-teste/config/initializers/inflections.rb": {
        "lines": [
          null,
          null,
          null,
          null,
          null,
          null,
          null,
          null,
          null,
          null,
          null,
          null,
          null,
          null,
          null,
          null
        ]
      },
      "/home/marco/Documentos/projeto02-teste/config/initializers/permissions_policy.rb": {
        "lines": [
          null,
          null,
          null,
          null,
          null,
          null,
          null,
          null,
          null,
          null,
          null
        ]
      },
      "/home/marco/Documentos/projeto02-teste/config/routes.rb": {
        "lines": [
          1,
          1,
          1,
          1,
          1,
          null,
          null,
          null,
          1,
          null
        ]
      },
      "/home/marco/Documentos/projeto02-teste/app/helpers/application_helper.rb": {
        "lines": [
          1,
          null
        ]
      },
      "/home/marco/Documentos/projeto02-teste/app/helpers/ators_helper.rb": {
        "lines": [
          1,
          null
        ]
      },
      "/home/marco/Documentos/projeto02-teste/app/helpers/criticas_helper.rb": {
        "lines": [
          1,
          null
        ]
      },
      "/home/marco/Documentos/projeto02-teste/app/helpers/filmes_helper.rb": {
        "lines": [
          1,
          null
        ]
      },
      "/home/marco/Documentos/projeto02-teste/app/models/ator.rb": {
        "lines": [
          1,
          null,
          1,
          1,
          null
        ]
      },
      "/home/marco/Documentos/projeto02-teste/app/models/application_record.rb": {
        "lines": [
          1,
          1,
          null
        ]
      },
      "/home/marco/Documentos/projeto02-teste/spec/models/critica_spec.rb": {
        "lines": [
          1,
          null,
          1,
          1,
          1,
          1,
          null,
          null,
          null,
          null,
          1,
          1,
          1,
          1,
          1,
          1,
          1,
          null,
          null,
          null
        ]
      },
      "/home/marco/Documentos/projeto02-teste/app/models/critica.rb": {
        "lines": [
          1,
          1,
          null,
          3,
          null,
          1,
          null,
          null,
          null
        ]
      },
      "/home/marco/Documentos/projeto02-teste/spec/models/filme_spec.rb": {
        "lines": [
          1,
          null,
          1,
          null,
          1,
          1,
          1,
          null,
          null,
          null,
          null,
          null,
          null,
          null
        ]
      },
      "/home/marco/Documentos/projeto02-teste/app/models/filme.rb": {
        "lines": [
          1,
          1,
          1,
          1,
          null
        ]
      }
    },
    "timestamp": 1669335594
  }
}
